INFO - Wed Dec 13 10:30:50 CET 2017: Server wird gestartet.
INFO - Wed Dec 13 10:30:56 CET 2017: getAllAccounts(): Start
INFO - Wed Dec 13 10:30:56 CET 2017: getAllTransactions(number: 0): Start
INFO - Wed Dec 13 10:30:56 CET 2017: newAccount(ownerStartAmount: BANK-2000): Start
INFO - Wed Dec 13 10:30:56 CET 2017: connectTODB(): OK
INFO - Wed Dec 13 10:30:56 CET 2017: connectTODB(): OK
INFO - Wed Dec 13 10:30:56 CET 2017: connectTODB(): OK
INFO - Wed Dec 13 10:30:56 CET 2017: getAccounts(): OK
INFO - Wed Dec 13 10:30:56 CET 2017: disconnectFROMDB(): OK
INFO - Wed Dec 13 10:30:56 CET 2017: getAllAccounts(): OK
INFO - Wed Dec 13 10:30:56 CET 2017: getAccounts(): OK
INFO - Wed Dec 13 10:30:56 CET 2017: getAccount(number: 1000): OK
INFO - Wed Dec 13 10:30:56 CET 2017: getTransactions(): OK
INFO - Wed Dec 13 10:30:56 CET 2017: disconnectFROMDB(): OK
INFO - Wed Dec 13 10:30:56 CET 2017: getAllTransactions(number: 0): OK
INFO - Wed Dec 13 10:30:56 CET 2017: newAccount(Account): OK
INFO - Wed Dec 13 10:30:56 CET 2017: getAccount(number: 1003): OK
INFO - Wed Dec 13 10:30:56 CET 2017: newTransaction(Transaction): OK
INFO - Wed Dec 13 10:30:56 CET 2017: disconnectFROMDB(): OK
INFO - Wed Dec 13 10:30:56 CET 2017: newAccount(ownerStartAmount: BANK-2000): OK
INFO - Wed Dec 13 10:32:21 CET 2017: getAllAccounts(): Start
INFO - Wed Dec 13 10:32:21 CET 2017: getAllTransactions(number: 0): Start
INFO - Wed Dec 13 10:32:21 CET 2017: connectTODB(): OK
INFO - Wed Dec 13 10:32:21 CET 2017: connectTODB(): OK
INFO - Wed Dec 13 10:32:21 CET 2017: getAccounts(): OK
INFO - Wed Dec 13 10:32:21 CET 2017: disconnectFROMDB(): OK
INFO - Wed Dec 13 10:32:21 CET 2017: getAllAccounts(): OK
INFO - Wed Dec 13 10:32:21 CET 2017: getTransactions(): OK
INFO - Wed Dec 13 10:32:21 CET 2017: disconnectFROMDB(): OK
INFO - Wed Dec 13 10:32:21 CET 2017: getAllTransactions(number: 0): OK
INFO - Wed Dec 13 10:32:28 CET 2017: getAllAccounts(): Start
INFO - Wed Dec 13 10:32:28 CET 2017: newAccount(ownerStartAmount: test123-123): Start
INFO - Wed Dec 13 10:32:28 CET 2017: newAccount(ownerStartAmount: test123-123): Error(400)
INFO - Wed Dec 13 10:32:28 CET 2017: connectTODB(): OK
INFO - Wed Dec 13 10:32:28 CET 2017: getAccounts(): OK
INFO - Wed Dec 13 10:32:28 CET 2017: disconnectFROMDB(): OK
INFO - Wed Dec 13 10:32:28 CET 2017: getAllAccounts(): OK
INFO - Wed Dec 13 10:32:28 CET 2017: getAllTransactions(number: 0): Start
INFO - Wed Dec 13 10:32:28 CET 2017: connectTODB(): OK
INFO - Wed Dec 13 10:32:28 CET 2017: getTransactions(): OK
INFO - Wed Dec 13 10:32:28 CET 2017: disconnectFROMDB(): OK
INFO - Wed Dec 13 10:32:28 CET 2017: getAllTransactions(number: 0): OK
INFO - Wed Dec 13 10:32:38 CET 2017: getAllAccounts(): Start
INFO - Wed Dec 13 10:32:38 CET 2017: connectTODB(): OK
INFO - Wed Dec 13 10:32:38 CET 2017: getAccounts(): OK
INFO - Wed Dec 13 10:32:38 CET 2017: disconnectFROMDB(): OK
INFO - Wed Dec 13 10:32:38 CET 2017: getAllAccounts(): OK
INFO - Wed Dec 13 10:32:38 CET 2017: getAllTransactions(number: 0): Start
INFO - Wed Dec 13 10:32:38 CET 2017: connectTODB(): OK
INFO - Wed Dec 13 10:32:38 CET 2017: getTransactions(): OK
INFO - Wed Dec 13 10:32:38 CET 2017: disconnectFROMDB(): OK
INFO - Wed Dec 13 10:32:38 CET 2017: getAllTransactions(number: 0): OK
INFO - Wed Dec 13 10:32:45 CET 2017: newAccount(ownerStartAmount: test-123): Start
INFO - Wed Dec 13 10:32:45 CET 2017: connectTODB(): OK
INFO - Wed Dec 13 10:32:45 CET 2017: getAccounts(): OK
INFO - Wed Dec 13 10:32:45 CET 2017: getAccount(number: 1000): OK
INFO - Wed Dec 13 10:32:45 CET 2017: getAllAccounts(): Start
INFO - Wed Dec 13 10:32:45 CET 2017: getAllTransactions(number: 0): Start
INFO - Wed Dec 13 10:32:45 CET 2017: newAccount(Account): OK
INFO - Wed Dec 13 10:32:45 CET 2017: getAccount(number: 1004): OK
INFO - Wed Dec 13 10:32:45 CET 2017: connectTODB(): OK
INFO - Wed Dec 13 10:32:45 CET 2017: connectTODB(): OK
INFO - Wed Dec 13 10:32:45 CET 2017: newTransaction(Transaction): OK
INFO - Wed Dec 13 10:32:45 CET 2017: getAccounts(): OK
INFO - Wed Dec 13 10:32:45 CET 2017: getTransactions(): OK
INFO - Wed Dec 13 10:32:45 CET 2017: disconnectFROMDB(): OK
INFO - Wed Dec 13 10:32:45 CET 2017: getAllAccounts(): OK
INFO - Wed Dec 13 10:32:45 CET 2017: disconnectFROMDB(): OK
INFO - Wed Dec 13 10:32:45 CET 2017: getAllTransactions(number: 0): OK
INFO - Wed Dec 13 10:32:45 CET 2017: disconnectFROMDB(): OK
INFO - Wed Dec 13 10:32:45 CET 2017: newAccount(ownerStartAmount: test-123): OK
INFO - Wed Dec 13 10:32:48 CET 2017: 
INFO - Wed Dec 13 10:32:48 CET 2017: connectTODB(): OK
INFO - Wed Dec 13 10:32:48 CET 2017: updateAccount(Account): OK
INFO - Wed Dec 13 10:32:48 CET 2017: disconnectFROMDB(): OK
INFO - Wed Dec 13 10:32:48 CET 2017: 
